<?xml version="1.0" encoding="UTF-8"?>
<!-- Generated by org.testng.reporters.JUnitReportReporter -->
<testsuite hostname="ip-172-31-21-20" failures="0" tests="1" name="com.simplilearn.WebSiteTest.SearchField" time="2.563" errors="0" timestamp="2023-05-29T08:54:34 UTC" skipped="0">
  <testcase classname="com.simplilearn.WebSiteTest.SearchField" name="searchBox" time="2.563"/>
  <system-out/>
</testsuite> <!-- com.simplilearn.WebSiteTest.SearchField -->
