<?xml version="1.0" encoding="UTF-8"?>
<!-- Generated by org.testng.reporters.JUnitReportReporter -->
<testsuite hostname="ip-172-31-21-20" failures="0" tests="5" name="com.simplilearn.WebSiteTest.LoginPageCheck" time="8.547" errors="0" timestamp="2023-05-29T09:13:30 UTC" skipped="0">
  <testcase classname="com.simplilearn.WebSiteTest.LoginPageCheck" name="verifyHomePage" time="0.014"/>
  <system-out/>
  <testcase classname="com.simplilearn.WebSiteTest.LoginPageCheck" name="verifyLogin" time="1.838"/>
  <system-out/>
  <testcase classname="com.simplilearn.WebSiteTest.LoginPageCheck" name="registerPage" time="1.354"/>
  <system-out/>
  <testcase classname="com.simplilearn.WebSiteTest.LoginPageCheck" name="searchBox" time="0.908"/>
  <system-out/>
  <testcase classname="com.simplilearn.WebSiteTest.LoginPageCheck" name="cartAdd" time="4.433"/>
  <system-out/>
</testsuite> <!-- com.simplilearn.WebSiteTest.LoginPageCheck -->
