<?xml version="1.0" encoding="UTF-8"?>
<!-- Generated by org.testng.reporters.JUnitReportReporter -->
<testsuite hostname="ip-172-31-21-20" failures="0" tests="1" name="com.simplilearn.WebSiteTest.AppTest" time="0.020" errors="0" timestamp="2023-05-28T09:04:02 UTC" skipped="0">
  <testcase classname="com.simplilearn.WebSiteTest.AppTest" name="verifyHomePage" time="0.020"/>
  <system-out/>
</testsuite> <!-- com.simplilearn.WebSiteTest.AppTest -->
